# JRE version: OpenJDK Runtime Environment (11.0.2+9) (build 11.0.2+9)
# Java VM: OpenJDK 64-Bit Server VM (11.0.2+9, mixed mode, tiered, compressed oops, g1 gc, windows-amd64)
Heap:
 garbage-first heap   total 505856K, used 284896K [0x0000000740000000, 0x0000000800000000)
  region size 1024K, 46 young (47104K), 0 survivors (0K)
 Metaspace       used 135936K, capacity 137798K, committed 140936K, reserved 1169408K
  class space    used 18271K, capacity 18989K, committed 20272K, reserved 1048576K
GC Heap History (10 events):
Event: 82696.219 GC heap before
{Heap before GC invocations=5402 (full 1035):
 garbage-first heap   total 505856K, used 300887K [0x0000000740000000, 0x0000000800000000)
  region size 1024K, 60 young (61440K), 1 survivors (1024K)
 Metaspace       used 135926K, capacity 137798K, committed 140936K, reserved 1169408K
  class space    used 18271K, capacity 18989K, committed 20272K, reserved 1048576K
}
Event: 82696.222 GC heap after
{Heap after GC invocations=5403 (full 1035):
 garbage-first heap   total 505856K, used 240408K [0x0000000740000000, 0x0000000800000000)
  region size 1024K, 1 young (1024K), 1 survivors (1024K)
 Metaspace       used 135926K, capacity 137798K, committed 140936K, reserved 1169408K
  class space    used 18271K, capacity 18989K, committed 20272K, reserved 1048576K
}
Event: 82698.801 GC heap before
{Heap before GC invocations=5404 (full 1035):
 garbage-first heap   total 505856K, used 300824K [0x0000000740000000, 0x0000000800000000)
  region size 1024K, 60 young (61440K), 1 survivors (1024K)
 Metaspace       used 135926K, capacity 137798K, committed 140936K, reserved 1169408K
  class space    used 18271K, capacity 18989K, committed 20272K, reserved 1048576K
}
Event: 82698.804 GC heap after
{Heap after GC invocations=5405 (full 1035):
 garbage-first heap   total 505856K, used 240486K [0x0000000740000000, 0x0000000800000000)
  region size 1024K, 1 young (1024K), 1 survivors (1024K)
 Metaspace       used 135926K, capacity 137798K, committed 140936K, reserved 1169408K
  class space    used 18271K, capacity 18989K, committed 20272K, reserved 1048576K
}
Event: 82699.872 GC heap before
{Heap before GC invocations=5405 (full 1035):
 garbage-first heap   total 505856K, used 300902K [0x0000000740000000, 0x0000000800000000)
  region size 1024K, 60 young (61440K), 1 survivors (1024K)
 Metaspace       used 135926K, capacity 137798K, committed 140936K, reserved 1169408K
  class space    used 18271K, capacity 18989K, committed 20272K, reserved 1048576K
}
Event: 82699.876 GC heap after
{Heap after GC invocations=5406 (full 1035):
 garbage-first heap   total 505856K, used 240650K [0x0000000740000000, 0x0000000800000000)
  region size 1024K, 1 young (1024K), 1 survivors (1024K)
 Metaspace       used 135926K, capacity 137798K, committed 140936K, reserved 1169408K
  class space    used 18271K, capacity 18989K, committed 20272K, reserved 1048576K
}
Event: 82706.656 GC heap before
{Heap before GC invocations=5407 (full 1035):
 garbage-first heap   total 505856K, used 301066K [0x0000000740000000, 0x0000000800000000)
  region size 1024K, 60 young (61440K), 1 survivors (1024K)
 Metaspace       used 135935K, capacity 137798K, committed 140936K, reserved 1169408K
  class space    used 18271K, capacity 18989K, committed 20272K, reserved 1048576K
}
Event: 82706.659 GC heap after
{Heap after GC invocations=5408 (full 1035):
 garbage-first heap   total 505856K, used 240567K [0x0000000740000000, 0x0000000800000000)
  region size 1024K, 1 young (1024K), 1 survivors (1024K)
 Metaspace       used 135935K, capacity 137798K, committed 140936K, reserved 1169408K
  class space    used 18271K, capacity 18989K, committed 20272K, reserved 1048576K
}
Event: 82706.727 GC heap before
{Heap before GC invocations=5408 (full 1035):
 garbage-first heap   total 505856K, used 255927K [0x0000000740000000, 0x0000000800000000)
  region size 1024K, 17 young (17408K), 1 survivors (1024K)
 Metaspace       used 135935K, capacity 137798K, committed 140936K, reserved 1169408K
  class space    used 18271K, capacity 18989K, committed 20272K, reserved 1048576K
}
Event: 82706.818 GC heap after
{Heap after GC invocations=5409 (full 1036):
 garbage-first heap   total 505856K, used 239840K [0x0000000740000000, 0x0000000800000000)
  region size 1024K, 0 young (0K), 0 survivors (0K)
 Metaspace       used 135935K, capacity 137798K, committed 140936K, reserved 1169408K
  class space    used 18271K, capacity 18989K, committed 20272K, reserved 1048576K
}

